============================================================
boardsize: 9

START HEURISTICAL ANALYSIS
(;GM[1]SZ[9]
)
X to move:
   ABCDEFGHJ
  +---------+
 9|.........| 9
 8|.........| 8
 7|.........| 7
 6|.........| 6
 5|.........| 5
 4|.........| 4
 3|.........| 3
 2|.........| 2
 1|.........| 1
  +---------+
   ABCDEFGHJ

? 0
defend_moves: 
attack_moves: 
capture B8 tactically unknown PASS PASS  3202 3200 0.578s
life B8 -1.0 PASS 49 20  0.016s
death B8 -1.0 PASS 41 20  0.014s
l&d B8 tactically unknown PASS PASS
Heuristical playout cut!
playout death B8 tactically alive B9 B7 B6 D8 C8 C7 C9 D7 E8 E7 E6 F8 E9 F7 H8 F6 G6 E5 D6 F5 F4 D5 C6 C5 C4 B5 A6 B4 B3 C3 D4 E3 D3 C2 D2 E4 G8 E2 D1 G2 F2 G3 F3 G5 H5 G4 F1 J2 H2 J3 H3 H4 H1 J4 A8 H6 G7 J5 J6 J7 H7 J6 A4 E1 C1 G1 B1 J1 136 0.234s
playout B8 tactically alive B9 PASS
all B8 tactically alive B9 PASS
better_defense_count: 1
! (B8, 1.0, tactically alive, 3428) (G2, 1.0) (F2, 1.0) (D5, 1.0) (G4, 1.0) (D6, 1.0) (F3, 1.0) (C2, 1.0) (H4, 1.0) (B7, 1.0) (B4, 1.0) (B2, 1.0) (B6, 1.0) (F8, 1.0) (F4, 1.0) (H5, 1.0) (E3, 1.0) (H2, 1.0) (D2, 1.0) (E7, 1.0) (H3, 1.0) (C4, 1.0) (E8, 1.0) (F5, 1.0) (G5, 1.0) (B5, 1.0) (D8, 1.0) (E5, 1.0) (H8, 1.0) (C6, 1.0) (H6, 1.0) (D7, 1.0) (H7, 1.0) (D4, 1.0) (C7, 1.0) (F7, 1.0) (C5, 1.0) (G8, 1.0) (C8, 1.0) (B3, 1.0) (F6, 1.0) (G7, 1.0) (E4, 1.0) (D3, 1.0) (C3, 1.0) (G3, 1.0) (E2, 1.0) (E6, 1.0) (G6, 1.0) (C1, 0.75) (F1, 0.75) (A4, 0.75) (A6, 0.75) (F9, 0.75) (D9, 0.75) (A2, 0.75) (B1, 0.75) (J6, 0.75) (A7, 0.75) (H9, 0.75) (E1, 0.75) (J2, 0.75) (E9, 0.75) (J7, 0.75) (B9, 0.75) (G1, 0.75) (A5, 0.75) (G9, 0.75) (C9, 0.75) (J8, 0.75) (J3, 0.75) (A3, 0.75) (A8, 0.75) (J5, 0.75) (H1, 0.75) (D1, 0.75) (J4, 0.75) (J9, 0.5) (J1, 0.5) (A1, 0.5) (A9, 0.5) 
total node count: 3433
time used: 0.858s
move made: b b8
O to move:
   ABCDEFGHJ
  +---------+
 9|.........| 9
 8|.X.......| 8
 7|.........| 7
 6|.........| 6
 5|.........| 5
 4|.........| 4
 3|.........| 3
 2|.........| 2
 1|.........| 1
  +---------+
   ABCDEFGHJ
------------------------------------------------------------
move made: W F4
X to move:
   ABCDEFGHJ
  +---------+
 9|.........| 9
 8|.X.......| 8
 7|.........| 7
 6|.........| 6
 5|.........| 5
 4|.....O...| 4
 3|.........| 3
 2|.........| 2
 1|.........| 1
  +---------+
   ABCDEFGHJ
------------------------------------------------------------
capture B8 tactically unknown PASS PASS  3202 3200 0.594s
life B8 -1.0 PASS 48 20  0.017s
death B8 -1.0 PASS 42 20  0.016s
l&d B8 tactically unknown PASS PASS
Heuristical playout cut!
playout death B8 tactically alive B9 B7 B6 D8 C8 C7 C9 D7 E8 E7 E6 F8 E9 F7 H8 F6 G6 E5 D6 F5 G8 D5 C6 C5 C4 B5 A6 B4 B3 C3 D4 E3 D3 C2 D2 E4 E2 F3 G4 F2 H2 E1 D1 C1 D3 D2 93 0.148s
playout B8 tactically alive B9 PASS
all B8 tactically alive B9 PASS
capture F4 tactically unknown PASS PASS  801 800 0.168s
life F4 -1.0 PASS 54 20  0.020s
death F4 -1.0 PASS 48 20  0.059s
l&d F4 tactically unknown PASS PASS
Heuristical playout cut!
playout death F4 tactically alive G4 E4 E2 D4 E5 B4 C4 C3 C5 D3 B3 B2 A3 B1 C2 D1 D2 D5 F3 F5 E6 F6 H6 F8 F7 G7 E7 G6 G8 H8 G9 H7 J8 H5 J6 G5 H4 D6 D8 B6 B5 C6 A5 E8 D7 A6 A4 J7 J5 J4 J5 J6 B7 J9 F9 J5 112 0.157s
playout F4 tactically alive G4 PASS
all F4 tactically alive G4 PASS

START HEURISTICAL ANALYSIS
(;GM[1]SZ[9]
AW[ff]
AB[bb]
LB[bb:a][ff:b]
)
X to move:
   ABCDEFGHJ
  +---------+
 9|.........| 9
 8|.B.......| 8
 7|.........| 7
 6|.........| 6
 5|.........| 5
 4|.....W...| 4
 3|.........| 3
 2|.........| 2
 1|.........| 1
  +---------+
   ABCDEFGHJ

? 0.0
defend_moves: 
attack_moves: 
capture E4 tactically unknown PASS PASS  801 800 0.178s
life E4 -1.0 PASS 45 20  0.019s
death E4 -1.0 PASS 50 20  0.021s
l&d E4 tactically unknown PASS PASS
playout death E4 tactically alive D4 E5 E6 F5 H5 F6 F7 E7 D6 G7 F8 G6 H8 F3 G4 E3 F2 E2 D2 G2 F1 H2 G3 D5 H7 C6 D7 E8 B6 C7 D8 E9 C9 C5 G9 B9 B7 C8 A8 D9 D7 B5 B4 D3 C4 C2 D1 C3 B2 B3 A4 G8 H6 F9 H9 D6 112 0.189s
playout E4 tactically alive D4 PASS
all E4 tactically alive D4 PASS
better_defense_count: 1
! (E4, 1.1, tactically alive, 1008) (G4, 1.1) (F5, 1.1) (F3, 1.1) (G7, 1.0) (G3, 1.0) (H5, 1.0) (H2, 1.0) (B4, 1.0) (C5, 1.0) (D6, 1.0) (G8, 1.0) (B5, 1.0) (H8, 1.0) (E3, 1.0) (H7, 1.0) (B6, 1.0) (C6, 1.0) (C7, 1.0) (D4, 1.0) (E8, 1.0) (B2, 1.0) (F8, 1.0) (F2, 1.0) (H4, 1.0) (D5, 1.0) (F7, 1.0) (G2, 1.0) (D3, 1.0) (D2, 1.0) (C3, 1.0) (H6, 1.0) (F6, 1.0) (E6, 1.0) (E5, 1.0) (E2, 1.0) (C8, 1.0) (C4, 1.0) (C2, 1.0) (E7, 1.0) (B3, 1.0) (G5, 1.0) (H3, 1.0) (D7, 1.0) (B7, 1.0) (G6, 1.0) (D8, 1.0) (F1, 0.75) (A5, 0.75) (G9, 0.75) (F9, 0.75) (E1, 0.75) (J5, 0.75) (E9, 0.75) (J6, 0.75) (B1, 0.75) (A2, 0.75) (D9, 0.75) (A7, 0.75) (H9, 0.75) (J8, 0.75) (J2, 0.75) (A3, 0.75) (J7, 0.75) (A4, 0.75) (G1, 0.75) (C9, 0.75) (H1, 0.75) (A6, 0.75) (C1, 0.75) (D1, 0.75) (J3, 0.75) (J4, 0.75) (B9, 0.666666666667) (A8, 0.666666666667) (J9, 0.5) (A1, 0.5) (J1, 0.5) (A9, 0.5) 
total node count: 5412
time used: 1.673s
move made: b e4
O to move:
   ABCDEFGHJ
  +---------+
 9|.........| 9
 8|.X.......| 8
 7|.........| 7
 6|.........| 6
 5|.........| 5
 4|....XO...| 4
 3|.........| 3
 2|.........| 2
 1|.........| 1
  +---------+
   ABCDEFGHJ
------------------------------------------------------------
move made: W E5
X to move:
   ABCDEFGHJ
  +---------+
 9|.........| 9
 8|.X.......| 8
 7|.........| 7
 6|.........| 6
 5|....O....| 5
 4|....XO...| 4
 3|.........| 3
 2|.........| 2
 1|.........| 1
  +---------+
   ABCDEFGHJ
------------------------------------------------------------
capture E5 tactically unknown PASS PASS  807 400 0.220s
life E5 -1.0 PASS 48 20  0.022s
death E5 -1.0 PASS 46 20  0.020s
l&d E5 tactically unknown PASS PASS
Heuristical playout cut!
playout death E5 tactically alive F5 E6 D6 F6 G5 F8 F7 E7 G7 E8 E9 H8 H9 G8 H7 D9 D8 F9 D5 E9 J8 C8 D7 C9 B9 C7 B7 C6 B6 C5 D4 C4 B4 D3 E3 C3 C2 E2 F3 G4 D2 G6 H5 H6 J7 J5 H4 G3 F2 E1 B3 J6 J3 J9 J8 G7 J7 H3 G2 J4 G5 J2 H2 J3 128 0.174s
playout E5 tactically alive F5 PASS
all E5 tactically alive F5 PASS
capture F4 tactically unknown PASS PASS  1124 800 0.304s
life F4 -1.0 PASS 48 20  0.021s
death F4 -1.0 PASS 46 20  0.018s
l&d F4 tactically unknown PASS PASS
Heuristical playout cut!
playout death F4 tactically alive F5 G4 H4 G5 F6 G2 G3 F3 F2 H3 H2 G3 H5 E2 F1 E3 D4 C2 D2 D3 D1 B2 C3 C4 D5 E6 B3 G6 F7 H6 H8 J2 H1 J3 H7 J5 D6 J4 H5 H4 B4 G7 E7 G8 G9 F9 H9 F8 E8 G1 E9 E1 C1 B1 108 0.127s
playout F4 tactically alive F5 PASS
all F4 tactically alive F5 PASS
capture E4 tactically unknown PASS PASS  803 800 0.183s
life E4 -1.0 PASS 49 20  0.021s
death E4 -1.0 PASS 42 20  0.018s
l&d E4 tactically unknown PASS PASS
playout death E4 tactically alive E3 D4 C4 D5 D6 D3 D2 C5 B6 C3 B4 C7 C6 B3 B2 F5 E6 F3 G4 E2 F2 E3 G3 G2 F1 B5 A4 C2 D1 B1 A2 C1 A5 E1 G1 H1 F1 F2 H2 G1 D1 D2 85 0.077s
playout E4 tactically alive E3 PASS
all E4 tactically alive E3 PASS
capture B8 tactically unknown PASS PASS  1 20 0.000s
( life B8 -1.0 PASS 0 20  0.000s
( death B8 -1.0 PASS 0 20  0.000s
l&d B8 tactically unknown PASS PASS
playout death B8 tactically alive B9 B7 B6 D8 C8 C7 C9 D7 E8 D5 D6 C6 E6 C5 D4 E3 C3 B5 A6 B3 B4 A4 C4 A5 A7 A8 A6 B2 A2 A3 D2 A1 B1 A2 C1 C2 D3 D1 E2 F3 C1 B1 F2 C1 E7 D9 E9 A9 C9 E1 G3 F1 G1 H1 G2 C8 B6 A7 A6 B9 PASS 121 0.131s
playout B8 tactically alive B9 PASS
all B8 tactically alive B9 PASS

START HEURISTICAL ANALYSIS
connection E5 F4 tactically critical F5 F5 104 100 0.018s
(;GM[1]SZ[9]
AW[ff][ee]
AB[ef][bb]
LB[bb:b][ef:a][ee:d][ff:c]
)
X to move:
   ABCDEFGHJ
  +---------+
 9|.........| 9
 8|.B.......| 8
 7|.........| 7
 6|.........| 6
 5|....W....| 5
 4|....BW...| 4
 3|.........| 3
 2|.........| 2
 1|.........| 1
  +---------+
   ABCDEFGHJ

? -1.11022302463e-16
defend_moves: 
attack_moves: 
goal bonus: 0.666666666667 F4
goal bonus: 0.666666666667 F4
goal bonus: 0.666666666667 E5
goal bonus: 0.666666666667 E5
goal bonus: 0.666666666667 F4
goal bonus: 0.666666666667 E5
capture F5 tactically unknown PASS PASS  1601 1600 0.441s
life F5 -1.0 PASS 42 20  0.019s
death F5 -1.0 PASS 41 20  0.017s
l&d F5 tactically unknown PASS PASS
playout death F5 tactically dead G5 F6 F7 E6 D5 D6 D8 B6 C6 C7 C5 G6 D7 H6 H8 H5 G4 H4 J5 H2 H3 J3 G3 J4 J6 J7 H7 H1 J6 J5 J2 J1 G2 J6 J8 J2 G1 G7 G8 E7 E8 82 0.088s
Heuristical playout cut!
playout live F5 tactically alive G5 H5 G4 F3 E6 D5 F7 G6 H4 H2 F6 F8 D6 D8 B6 C6 C7 C5 D7 A7 B7 B9 B5 B4 C4 D4 D3 D5 C5 C2 H6 G7 J5 J6 H5 71 0.128s
playout F5 tactically critical G5 G5
all F5 tactically critical G5 G5

START HEURISTICAL ANALYSIS
capture D5 tactically unknown PASS PASS  1607 800 0.495s
life D5 -1.0 PASS 47 20  0.022s
death D5 -1.0 PASS 46 20  0.020s
l&d D5 tactically unknown PASS PASS
playout death D5 tactically alive D4 D6 B6 D8 D7 C7 E7 E3 C5 C6 C8 C9 B7 C8 A8 E8 E9 C4 D3 B5 B4 C5 F8 F7 E6 F5 F6 G6 E6 E7 H7 E5 E2 F6 68 0.093s
playout D5 tactically alive D4 PASS
all D5 tactically alive D4 PASS
better_defense_count: 1
! (D5, 1.86666666667, tactically alive, 1768) (E6, 1.86666666667) (G4, 1.86666666667) (F3, 1.86666666667) (F6, 1.0) (C5, 1.0) (B4, 1.0) (E8, 1.0) (D3, 1.0) (B7, 1.0) (C2, 1.0) (B6, 1.0) (C3, 1.0) (H8, 1.0) (D7, 1.0) (B2, 1.0) (C6, 1.0) (F8, 1.0) (H4, 1.0) (G2, 1.0) (C7, 1.0) (H2, 1.0) (F2, 1.0) (C4, 1.0) (G3, 1.0) (G7, 1.0) (H5, 1.0) (G5, 1.0) (H7, 1.0) (D8, 1.0) (D6, 1.0) (G6, 1.0) (B3, 1.0) (G8, 1.0) (F7, 1.0) (E7, 1.0) (H6, 1.0) (B5, 1.0) (E2, 1.0) (C8, 1.0) (D2, 1.0) (H3, 1.0) (D4, 0.833333333333) (E3, 0.833333333333) (A7, 0.75) (H1, 0.75) (E9, 0.75) (C9, 0.75) (D1, 0.75) (B1, 0.75) (G9, 0.75) (J6, 0.75) (A3, 0.75) (J7, 0.75) (H9, 0.75) (E1, 0.75) (A5, 0.75) (C1, 0.75) (A4, 0.75) (A6, 0.75) (J5, 0.75) (J3, 0.75) (F9, 0.75) (A2, 0.75) (F1, 0.75) (J4, 0.75) (J2, 0.75) (J8, 0.75) (D9, 0.75) (G1, 0.75) (B9, 0.666666666667) (A8, 0.666666666667) (J1, 0.5) (J9, 0.5) (A9, 0.5) (A1, 0.5) (F5, -19.7666666667, tactically critical, 1837) 
total node count: 7170
time used: 2.709s
move made: b d5
O to move:
   ABCDEFGHJ
  +---------+
 9|.........| 9
 8|.X.......| 8
 7|.........| 7
 6|.........| 6
 5|...XO....| 5
 4|....XO...| 4
 3|.........| 3
 2|.........| 2
 1|.........| 1
  +---------+
   ABCDEFGHJ
------------------------------------------------------------
move made: W E3
X to move:
   ABCDEFGHJ
  +---------+
 9|.........| 9
 8|.X.......| 8
 7|.........| 7
 6|.........| 6
 5|...XO....| 5
 4|....XO...| 4
 3|....O....| 3
 2|.........| 2
 1|.........| 1
  +---------+
   ABCDEFGHJ
------------------------------------------------------------
capture B8 tactically unknown PASS PASS  3202 3200 0.606s
life B8 -1.0 PASS 48 20  0.023s
( death B8 -1.0 PASS 0 20  0.000s
l&d B8 tactically unknown PASS PASS
Heuristical playout cut!
playout death B8 tactically alive B7 C8 B9 D7 D8 C7 D6 C6 E6 B6 A7 B4 B5 C4 D4 C5 A5 B2 B3 C3 A3 C2 C1 A2 B1 A4 D2 A6 A8 A9 61 0.088s
playout B8 tactically alive B7 PASS
all B8 tactically alive B7 PASS
capture E4 tactically critical D4 D4  404 400 0.099s
all E4 tactically critical D4 D4
capture D5 tactically unknown PASS PASS  1127 800 0.404s
life D5 -1.0 PASS 48 20  0.023s
death D5 -1.0 PASS 49 20  0.027s
l&d D5 tactically unknown PASS PASS
playout death D5 tactically alive D4 D6 B6 D8 D7 C7 E7 C6 C9 C8 A8 E8 F8 F7 E6 F9 G8 E9 C5 C4 B5 D3 E4 A7 B7 A9 G9 A8 A6 B4 A5 A4 B6 C3 C5 B5 A6 C5 B2 E2 D2 C2 D1 C1 E1 F1 D1 D2 F2 E1 G1 G2 H1 F3 A3 F2 H3 H2 J1 J2 H1 B3 A2 B1 J3 A1 A2 G3 G4 H4 J4 J5 J3 H3 H5 J4 153 0.189s
playout D5 tactically alive D4 PASS
all D5 tactically alive D4 PASS
capture E5 tactically unknown PASS PASS  734 400 0.151s
life E5 -1.0 PASS 41 20  0.022s
death E5 -1.0 PASS 41 20  0.020s
l&d E5 tactically unknown PASS PASS
playout death E5 tactically alive F5 E6 D4 F6 G5 F8 F7 E7 G7 E8 D8 G8 H8 H7 G6 H9 J8 G9 E9 J7 D7 J9 J8 H8 J5 D6 C6 H6 H4 H5 G4 J4 F3 J6 D9 J5 J3 H3 J2 G3 F4 H2 J1 H1 J2 J3 F2 J1 96 0.084s
playout E5 tactically alive F5 PASS
all E5 tactically alive F5 PASS
capture F4 tactically unknown PASS PASS  1285 800 0.278s
life F4 -1.0 PASS 48 20  0.026s
death F4 -1.0 PASS 45 20  0.021s
l&d F4 tactically unknown PASS PASS
Heuristical playout cut!
playout death F4 tactically alive F5 F3 D4 E6 F2 H4 G4 G3 H3 G5 F6 H5 E2 D3 D2 C3 B3 G4 H6 H2 J3 G2 H1 G6 F7 H7 J6 H8 G7 C4 C6 B4 B5 B2 A3 C2 B1 C5 D6 B6 A5 E7 G1 C7 D7 D8 D5 C6 C8 E8 G8 G9 F8 F9 G7 F7 112 0.171s
playout F4 tactically alive F5 PASS
all F4 tactically alive F5 PASS
capture E3 tactically unknown PASS PASS  964 800 0.213s
life E3 -1.0 PASS 46 20  0.025s
death E3 -1.0 PASS 45 20  0.021s
l&d E3 tactically unknown PASS PASS
playout death E3 tactically dead F3 E2 D4 F2 G3 G2 H2 D1 D2 E1 G1 C2 D3 B2 B1 C1 B3 A1 A2 B1 A3 H3 G4 F5 G5 C3 C4 PASS 54 0.044s
playout live E3 tactically dead E2 D4 F2 G2 D1 D2 F3 F5 E6 E1 F1 H4 E1 G4 C2 D3 B2 B1 C1 B3 A1 A2 B1 A3 C3 C4 B4 A4 A5 A3 B3 B5 A4 A6 A2 G1 B6 A7 C5 D6 B5 F6 E7 C7 D7 C6 B7 C8 A8 A7 A6 G3 A7 B9 A9 A3 113 0.107s
playout E3 tactically dead F3 E2
all E3 tactically dead F3 E2

START HEURISTICAL ANALYSIS
connection E4 D5 tactically critical D4 D4 3 100 0.000s
connection E5 F4 tactically alive F5 PASS 63 100 0.186s
connection E3 F4 tactically alive F3 PASS 28 100 0.006s
(;GM[1]SZ[9]
AW[eg][ff][ee]
AB[ef][de][bb]
LB[ff:d][ef:b][ee:d][de:a][bb:c][eg:d]
)
!!!!!!!!!!!!!!!!!!!!!!!!!!!!!!!!!!!!!!!!!!!!!!!!!!!!!!!!!!!!
death E4 1.0 D4 2 20  0.001s
????????????????????????????????????????????????????????????
death E4 -1.0 PASS 89 40 defense D4 0.045s
heuristical death E4 tactically critical D4 D4 92
X to move:
   ABCDEFGHJ
  +---------+
 9|.........| 9
 8|.B.......| 8
 7|.........| 7
 6|.........| 6
 5|...BW....| 5
 4|....PW...| 4
 3|....w....| 3
 2|.........| 2
 1|.........| 1
  +---------+
   ABCDEFGHJ

? 1.31
defend_moves: D4(E4)
attack_moves: 
goal bonus: 1.0 E5
goal bonus: 1.0 E5
capture D4 tactically unknown PASS PASS  801 800 0.190s
life D4 -1.0 PASS 92 40  0.042s
death D4 -1.0 PASS 89 40  0.039s
l&d D4 tactically unknown PASS PASS
playout death D4 tactically alive C5 D3 D2 D6 D8 B6 B7 C7 C6 B4 D7 C8 C3 E6 F5 B5 C4 E7 F7 E8 D9 F8 G8 C2 B3 E2 D1 F3 F2 E3 G3 G7 F6 G2 F1 G4 H3 G9 H8 F9 H9 G6 G5 H5 F5 G5 F6 B2 A3 E1 G1 H1 F1 C1 D1 D2 A2 F2 H2 G1 120 0.143s
playout D4 tactically alive C5 PASS
all D4 tactically alive C5 PASS
better_defense_count: 1
alternative defend? D4 D3 E4
capture E4 tactically critical D4 D4  205 200 0.051s
all E4 tactically critical D4 D4

START HEURISTICAL ANALYSIS
connection E4 D3 tactically critical D4 D4 3 100 0.000s
connection D5 D3 tactically critical D4 D4 104 100 0.015s
connection D5 E4 tactically critical D4 D4 3 100 0.001s
connection F4 E5 tactically alive F5 PASS 35 100 0.007s
connection E3 F4 tactically alive F3 PASS 61 100 0.012s
!!!!!!!!!!!!!!!!!!!!!!!!!!!!!!!!!!!!!!!!!!!!!!!!!!!!!!!!!!!!
death E4 1.0 D4 1 20  0.001s
????????????????????????????????????????????????????????????
death E4 -1.0 PASS 82 40 defense D4 0.040s
heuristical death E4 tactically critical D4 D4 85
alternative defend? D4 C4 E4
capture E4 tactically critical D4 D4  204 200 0.049s
all E4 tactically critical D4 D4

START HEURISTICAL ANALYSIS
connection E4 C4 tactically critical D4 D4 3 100 0.000s
connection E4 D5 tactically critical D4 D4 3 100 0.001s
connection E4 C4 tactically critical D4 D4 1 100 0.000s
connection F4 E5 tactically alive F5 PASS 30 100 0.006s
connection E3 F4 tactically alive F3 PASS 28 100 0.005s
!!!!!!!!!!!!!!!!!!!!!!!!!!!!!!!!!!!!!!!!!!!!!!!!!!!!!!!!!!!!
death E4 1.0 D4 1 20  0.001s
????????????????????????????????????????????????????????????
death E4 -1.0 PASS 93 40 defense D4 0.046s
heuristical death E4 tactically critical D4 D4 96
! (D4, 4.1125, tactically alive, 1102) (F5, 2.5) (E6, 2.3) (F3, 1.4) (G4, 1.2) (D3, 1.2, 496) (E2, 1.2) (D2, 1.0) (H8, 1.0) (B5, 1.0) (D7, 1.0) (G7, 1.0) (F7, 1.0) (F8, 1.0) (G6, 1.0) (B4, 1.0) (G5, 1.0) (G8, 1.0) (C6, 1.0) (C4, 1.0, 365) (F6, 1.0) (F2, 1.0) (E8, 1.0) (H7, 1.0) (B3, 1.0) (B6, 1.0) (G2, 1.0) (E7, 1.0) (B2, 1.0) (C3, 1.0) (B7, 1.0) (H6, 1.0) (C8, 1.0) (H5, 1.0) (H3, 1.0) (G3, 1.0) (C7, 1.0) (H4, 1.0) (D8, 1.0) (C2, 1.0) (H2, 1.0) (D6, 0.916666666667) (C5, 0.916666666667) (H9, 0.75) (B1, 0.75) (E1, 0.75) (A4, 0.75) (H1, 0.75) (J8, 0.75) (C1, 0.75) (A2, 0.75) (J7, 0.75) (J3, 0.75) (J4, 0.75) (J5, 0.75) (C9, 0.75) (G1, 0.75) (F9, 0.75) (A5, 0.75) (F1, 0.75) (A7, 0.75) (J2, 0.75) (G9, 0.75) (E9, 0.75) (A6, 0.75) (A3, 0.75) (J6, 0.75) (D9, 0.75) (D1, 0.75) (B9, 0.666666666667) (A8, 0.666666666667) (A1, 0.5) (J9, 0.5) (A9, 0.5) (J1, 0.5) 
total node count: 10868
time used: 3.578s
move made: b d4
O to move:
   ABCDEFGHJ
  +---------+
 9|.........| 9
 8|.X.......| 8
 7|.........| 7
 6|.........| 6
 5|...XO....| 5
 4|...XXO...| 4
 3|....O....| 3
 2|.........| 2
 1|.........| 1
  +---------+
   ABCDEFGHJ
------------------------------------------------------------
