>protocol_version
<= 2

>name
<= SimpleGo: For more info see http://londerings.novalis.org/wlog/index.php?title=SimpleGo_v0.4.0  Source code is at http://londerings.cvs.sourceforge.net/londerings/go/simple_go/ : 

>version
<= 0.4.0

>list_commands
<= list_commands
boardsize
name
version
quit
clear_board
place_free_handicap
fixed_handicap
set_free_handicap
play
final_status_list
kgs-genmove_cleanup
showboard
protocol_version
komi
final_score
kgs-time_settings
time_settings
time_left

>boardsize 9
<= 

>clear_board
<= 

>komi 6.5
<=

>boardsize 9
<= 

>clear_board
<= 

>genmove b
<= b8

>play W F4
<= 

>genmove b
<= e4

>play W E5
<= 

>genmove b
<= d5

>play W E3
<= 

>genmove b
<= d4

>final_score
<= W+6.0

>quit
<=

